<?xml version="1.0" encoding="UTF-8"?>
<testng-results ignored="0" total="4" passed="4" failed="0" skipped="0">
  <reporter-output>
  </reporter-output>
  <suite started-at="2024-03-18T14:02:50 EDT" name="Suite" finished-at="2024-03-18T14:03:05 EDT" duration-ms="15103">
    <groups>
    </groups>
    <test started-at="2024-03-18T14:02:50 EDT" name="Test" finished-at="2024-03-18T14:03:05 EDT" duration-ms="15103">
      <class name="testcase.TC_002_LoginTestDDT">
        <test-method is-config="true" signature="browsersetup(java.lang.String, java.lang.String)[pri:0, instance:testcase.TC_002_LoginTestDDT@197d671]" started-at="2024-03-18T14:02:50 EDT" name="browsersetup" finished-at="2024-03-18T14:02:55 EDT" duration-ms="5743" status="PASS">
          <params>
            <param index="0">
              <value>
                <![CDATA[chrome]]>
              </value>
            </param>
            <param index="1">
              <value>
                <![CDATA[https://www.demo.guru99.com/V4/]]>
              </value>
            </param>
          </params>
          <reporter-output>
          </reporter-output>
        </test-method> <!-- browsersetup -->
        <test-method signature="test_Login(java.lang.String, java.lang.String, java.lang.String)[pri:0, instance:testcase.TC_002_LoginTestDDT@197d671]" started-at="2024-03-18T14:02:58 EDT" name="test_Login" data-provider="LoginData" finished-at="2024-03-18T14:03:02 EDT" duration-ms="3509" status="PASS">
          <params>
            <param index="0">
              <value>
                <![CDATA[mngr554793]]>
              </value>
            </param>
            <param index="1">
              <value>
                <![CDATA[Ezadema]]>
              </value>
            </param>
            <param index="2">
              <value>
                <![CDATA[valid]]>
              </value>
            </param>
          </params>
          <reporter-output>
          </reporter-output>
        </test-method> <!-- test_Login -->
        <test-method signature="test_Login(java.lang.String, java.lang.String, java.lang.String)[pri:0, instance:testcase.TC_002_LoginTestDDT@197d671]" started-at="2024-03-18T14:03:02 EDT" name="test_Login" data-provider="LoginData" finished-at="2024-03-18T14:03:02 EDT" duration-ms="105" status="PASS">
          <params>
            <param index="0">
              <value>
                <![CDATA[mngr554793]]>
              </value>
            </param>
            <param index="1">
              <value>
                <![CDATA[arsh]]>
              </value>
            </param>
            <param index="2">
              <value>
                <![CDATA[invalid]]>
              </value>
            </param>
          </params>
          <reporter-output>
          </reporter-output>
        </test-method> <!-- test_Login -->
        <test-method signature="test_Login(java.lang.String, java.lang.String, java.lang.String)[pri:0, instance:testcase.TC_002_LoginTestDDT@197d671]" started-at="2024-03-18T14:03:02 EDT" name="test_Login" data-provider="LoginData" finished-at="2024-03-18T14:03:03 EDT" duration-ms="1044" status="PASS">
          <params>
            <param index="0">
              <value>
                <![CDATA[mngr5547]]>
              </value>
            </param>
            <param index="1">
              <value>
                <![CDATA[Ezade]]>
              </value>
            </param>
            <param index="2">
              <value>
                <![CDATA[Invalid]]>
              </value>
            </param>
          </params>
          <reporter-output>
          </reporter-output>
        </test-method> <!-- test_Login -->
        <test-method signature="test_Login(java.lang.String, java.lang.String, java.lang.String)[pri:0, instance:testcase.TC_002_LoginTestDDT@197d671]" started-at="2024-03-18T14:03:03 EDT" name="test_Login" data-provider="LoginData" finished-at="2024-03-18T14:03:04 EDT" duration-ms="1447" status="PASS">
          <params>
            <param index="0">
              <value>
                <![CDATA[arsh]]>
              </value>
            </param>
            <param index="1">
              <value>
                <![CDATA[Ezadema]]>
              </value>
            </param>
            <param index="2">
              <value>
                <![CDATA[invalid]]>
              </value>
            </param>
          </params>
          <reporter-output>
          </reporter-output>
        </test-method> <!-- test_Login -->
        <test-method is-config="true" signature="tearDown()[pri:0, instance:testcase.TC_002_LoginTestDDT@197d671]" started-at="2024-03-18T14:03:04 EDT" name="tearDown" finished-at="2024-03-18T14:03:05 EDT" duration-ms="408" status="PASS">
          <reporter-output>
          </reporter-output>
        </test-method> <!-- tearDown -->
      </class> <!-- testcase.TC_002_LoginTestDDT -->
    </test> <!-- Test -->
  </suite> <!-- Suite -->
</testng-results>
