<?xml version="1.0" encoding="UTF-8"?>
<!-- Generated by org.testng.reporters.JUnitXMLReporter -->
<testsuite ignored="0" hostname="Arshdeeps-MacBook-Pro.local" failures="0" tests="4" name="Test" time="15.103" errors="0" timestamp="2024-03-18T14:03:05 EDT">
  <testcase classname="testcase.TC_002_LoginTestDDT" name="test_Login" time="3.509"/>
  <testcase classname="testcase.TC_002_LoginTestDDT" name="test_Login" time="0.105"/>
  <testcase classname="testcase.TC_002_LoginTestDDT" name="test_Login" time="1.044"/>
  <testcase classname="testcase.TC_002_LoginTestDDT" name="test_Login" time="1.447"/>
</testsuite> <!-- Test -->
